1606631337366	geckodriver	INFO	Listening on 127.0.0.1:52713
1606631340372	mozrunner::runner	INFO	Running command: "D:\\Program Files (x86)\\Mozilla Firefox\\firefox.exe" "--marionette" "-foreground" "-no-remote" "-profile" "C:\\Users\\ADMINI~1\\AppData\\Local\\Temp\\rust_mozprofileRgpGeq"
console.error: SearchCache: "_readCacheFile: Error reading cache file:" (new Error("", "(unknown module)"))
JavaScript error: resource://gre/modules/XULStore.jsm, line 66: Error: Can't find profile directory.
1606631359068	Marionette	INFO	Listening on port 52722
1606631359189	Marionette	WARN	TLS certificate errors will be ignored for this session

###!!! [Child][MessageChannel] Error: (msgtype=0x8A0001,name=PScriptCache::Msg___delete__) Channel closing: too late to send/recv, messages will be lost

1606631370446	Marionette	ERROR	[19] No reply from Marionette:Register
console.error: (new Error("SessionFile is closed", "resource:///modules/sessionstore/SessionFile.jsm", 433))
1606635898663	Marionette	INFO	Stopped listening on port 52722

###!!! [Child][RunMessage] Error: Channel error: cannot send/recv


###!!! [Child][MessageChannel::SendAndWait] Error: Channel error: cannot send/recv

1606636383494	geckodriver	INFO	Listening on 127.0.0.1:65217
1606636386594	mozrunner::runner	INFO	Running command: "D:\\Program Files (x86)\\Mozilla Firefox\\firefox.exe" "--marionette" "-foreground" "-no-remote" "-profile" "C:\\Users\\ADMINI~1\\AppData\\Local\\Temp\\rust_mozprofileYhn28I"
JavaScript error: resource://gre/modules/XULStore.jsm, line 66: Error: Can't find profile directory.
console.error: SearchCache: "_readCacheFile: Error reading cache file:" (new Error("", "(unknown module)"))

###!!! [Child][RunMessage] Error: Channel closing: too late to send/recv, messages will be lost

1606636416245	Marionette	INFO	Listening on port 65225
1606636416628	Marionette	WARN	TLS certificate errors will be ignored for this session

###!!! [Child][RunMessage] Error: Channel closing: too late to send/recv, messages will be lost

1606636642137	Marionette	INFO	Stopped listening on port 65225

###!!! [Child][RunMessage] Error: Channel closing: too late to send/recv, messages will be lost


###!!! [Child][MessageChannel::SendAndWait] Error: Channel error: cannot send/recv

